2026-02-10 00:26:34 | WF START RELEASE | code=QQQ_1000-0013 | state=WIP | rev=00
2026-02-10 00:26:34 | FS MOVE START | C:\ArchivioCAD\QQQ\1000\wip\QQQ_1000-0013.sldprt -> C:\ArchivioCAD\QQQ\1000\rel\QQQ_1000-0013.sldprt | overwrite=True
2026-02-10 00:26:34 | FS MOVE OK (rename) | C:\ArchivioCAD\QQQ\1000\wip\QQQ_1000-0013.sldprt -> C:\ArchivioCAD\QQQ\1000\rel\QQQ_1000-0013.sldprt
2026-02-10 00:26:34 | FS MOVE START | C:\ArchivioCAD\QQQ\1000\wip\QQQ_1000-0013.slddrw -> C:\ArchivioCAD\QQQ\1000\rel\QQQ_1000-0013.slddrw | overwrite=True
2026-02-10 00:26:34 | FS MOVE OK (rename) | C:\ArchivioCAD\QQQ\1000\wip\QQQ_1000-0013.slddrw -> C:\ArchivioCAD\QQQ\1000\rel\QQQ_1000-0013.slddrw
2026-02-10 00:26:34 | WF OK RELEASE | code=QQQ_1000-0013 | new_state=REL | rev=00
2026-02-10 00:26:56 | WF START CREATE_INREV | code=QQQ_1000-0013 | state=REL | rev=00
2026-02-10 00:26:56 | FS COPY START | C:\ArchivioCAD\QQQ\1000\rel\QQQ_1000-0013.sldprt -> C:\ArchivioCAD\QQQ\1000\inrev\QQQ_1000-0013_R00__INREV.sldprt | overwrite=True
2026-02-10 00:26:56 | FS COPY OK | C:\ArchivioCAD\QQQ\1000\rel\QQQ_1000-0013.sldprt -> C:\ArchivioCAD\QQQ\1000\inrev\QQQ_1000-0013_R00__INREV.sldprt
2026-02-10 00:26:56 | FS COPY START | C:\ArchivioCAD\QQQ\1000\rel\QQQ_1000-0013.slddrw -> C:\ArchivioCAD\QQQ\1000\inrev\QQQ_1000-0013_R00__INREV.slddrw | overwrite=True
2026-02-10 00:26:56 | FS COPY OK | C:\ArchivioCAD\QQQ\1000\rel\QQQ_1000-0013.slddrw -> C:\ArchivioCAD\QQQ\1000\inrev\QQQ_1000-0013_R00__INREV.slddrw
2026-02-10 00:26:56 | WF OK CREATE_INREV | code=QQQ_1000-0013 | new_state=IN_REV | rev=00
2026-02-10 00:27:21 | WF START APPROVE_INREV | code=QQQ_1000-0013 | state=IN_REV | rev=00
2026-02-10 00:27:21 | FS MOVE START | C:\ArchivioCAD\QQQ\1000\rel\QQQ_1000-0013.sldprt -> C:\ArchivioCAD\QQQ\1000\rev\QQQ_1000-0013_R00.sldprt | overwrite=False
2026-02-10 00:27:21 | FS MOVE OK (rename) | C:\ArchivioCAD\QQQ\1000\rel\QQQ_1000-0013.sldprt -> C:\ArchivioCAD\QQQ\1000\rev\QQQ_1000-0013_R00.sldprt
2026-02-10 00:27:21 | FS MOVE START | C:\ArchivioCAD\QQQ\1000\rel\QQQ_1000-0013.slddrw -> C:\ArchivioCAD\QQQ\1000\rev\QQQ_1000-0013_R00.slddrw | overwrite=False
2026-02-10 00:27:21 | FS MOVE OK (rename) | C:\ArchivioCAD\QQQ\1000\rel\QQQ_1000-0013.slddrw -> C:\ArchivioCAD\QQQ\1000\rev\QQQ_1000-0013_R00.slddrw
2026-02-10 00:27:21 | FS MOVE START | C:\ArchivioCAD\QQQ\1000\inrev\QQQ_1000-0013_R00__INREV.sldprt -> C:\ArchivioCAD\QQQ\1000\rel\QQQ_1000-0013.sldprt | overwrite=True
2026-02-10 00:27:21 | FS MOVE OK (rename) | C:\ArchivioCAD\QQQ\1000\inrev\QQQ_1000-0013_R00__INREV.sldprt -> C:\ArchivioCAD\QQQ\1000\rel\QQQ_1000-0013.sldprt
2026-02-10 00:27:21 | FS MOVE START | C:\ArchivioCAD\QQQ\1000\inrev\QQQ_1000-0013_R00__INREV.slddrw -> C:\ArchivioCAD\QQQ\1000\rel\QQQ_1000-0013.slddrw | overwrite=True
2026-02-10 00:27:21 | FS MOVE OK (rename) | C:\ArchivioCAD\QQQ\1000\inrev\QQQ_1000-0013_R00__INREV.slddrw -> C:\ArchivioCAD\QQQ\1000\rel\QQQ_1000-0013.slddrw
2026-02-10 00:27:21 | WF OK APPROVE_INREV | code=QQQ_1000-0013 | new_state=REL | rev=01
2026-02-10 00:29:19 | WF START CREATE_INREV | code=QQQ_1000-0013 | state=REL | rev=01
2026-02-10 00:29:19 | FS COPY START | C:\ArchivioCAD\QQQ\1000\rel\QQQ_1000-0013.sldprt -> C:\ArchivioCAD\QQQ\1000\inrev\QQQ_1000-0013_R01__INREV.sldprt | overwrite=True
2026-02-10 00:29:19 | FS COPY OK | C:\ArchivioCAD\QQQ\1000\rel\QQQ_1000-0013.sldprt -> C:\ArchivioCAD\QQQ\1000\inrev\QQQ_1000-0013_R01__INREV.sldprt
2026-02-10 00:29:19 | FS COPY START | C:\ArchivioCAD\QQQ\1000\rel\QQQ_1000-0013.slddrw -> C:\ArchivioCAD\QQQ\1000\inrev\QQQ_1000-0013_R01__INREV.slddrw | overwrite=True
2026-02-10 00:29:19 | FS COPY OK | C:\ArchivioCAD\QQQ\1000\rel\QQQ_1000-0013.slddrw -> C:\ArchivioCAD\QQQ\1000\inrev\QQQ_1000-0013_R01__INREV.slddrw
2026-02-10 00:29:19 | WF OK CREATE_INREV | code=QQQ_1000-0013 | new_state=IN_REV | rev=01
2026-02-10 00:29:55 | WF START APPROVE_INREV | code=QQQ_1000-0013 | state=IN_REV | rev=01
2026-02-10 00:29:55 | FS MOVE START | C:\ArchivioCAD\QQQ\1000\rel\QQQ_1000-0013.sldprt -> C:\ArchivioCAD\QQQ\1000\rev\QQQ_1000-0013_R01.sldprt | overwrite=False
2026-02-10 00:29:55 | FS MOVE OK (rename) | C:\ArchivioCAD\QQQ\1000\rel\QQQ_1000-0013.sldprt -> C:\ArchivioCAD\QQQ\1000\rev\QQQ_1000-0013_R01.sldprt
2026-02-10 00:29:55 | FS MOVE START | C:\ArchivioCAD\QQQ\1000\rel\QQQ_1000-0013.slddrw -> C:\ArchivioCAD\QQQ\1000\rev\QQQ_1000-0013_R01.slddrw | overwrite=False
2026-02-10 00:29:55 | FS MOVE OK (rename) | C:\ArchivioCAD\QQQ\1000\rel\QQQ_1000-0013.slddrw -> C:\ArchivioCAD\QQQ\1000\rev\QQQ_1000-0013_R01.slddrw
2026-02-10 00:29:55 | FS MOVE START | C:\ArchivioCAD\QQQ\1000\inrev\QQQ_1000-0013_R01__INREV.sldprt -> C:\ArchivioCAD\QQQ\1000\rel\QQQ_1000-0013.sldprt | overwrite=True
2026-02-10 00:29:55 | FS MOVE OK (rename) | C:\ArchivioCAD\QQQ\1000\inrev\QQQ_1000-0013_R01__INREV.sldprt -> C:\ArchivioCAD\QQQ\1000\rel\QQQ_1000-0013.sldprt
2026-02-10 00:29:55 | FS MOVE START | C:\ArchivioCAD\QQQ\1000\inrev\QQQ_1000-0013_R01__INREV.slddrw -> C:\ArchivioCAD\QQQ\1000\rel\QQQ_1000-0013.slddrw | overwrite=True
2026-02-10 00:29:55 | FS MOVE OK (rename) | C:\ArchivioCAD\QQQ\1000\inrev\QQQ_1000-0013_R01__INREV.slddrw -> C:\ArchivioCAD\QQQ\1000\rel\QQQ_1000-0013.slddrw
2026-02-10 00:29:55 | WF OK APPROVE_INREV | code=QQQ_1000-0013 | new_state=REL | rev=02
2026-02-11 19:28:28 | WF START RELEASE | code=QQQ_1000-0015 | state=WIP | rev=00
2026-02-11 19:28:28 | FS MOVE START | C:\ArchivioCAD\QQQ\1000\wip\QQQ_1000-0015.sldprt -> C:\ArchivioCAD\QQQ\1000\rel\QQQ_1000-0015.sldprt | overwrite=True
2026-02-11 19:28:29 | FS MOVE OK (rename) | C:\ArchivioCAD\QQQ\1000\wip\QQQ_1000-0015.sldprt -> C:\ArchivioCAD\QQQ\1000\rel\QQQ_1000-0015.sldprt
2026-02-11 19:28:29 | WF OK RELEASE | code=QQQ_1000-0015 | new_state=REL | rev=00
2026-02-11 19:41:22 | COPY | src=QQQ_1000-0015 (REL) -> dst=SSS_0200-0003 (WIP) | type=PART | mmm=SSS gggg=0200 vvv=- | model=C:\ArchivioCAD\SSS\0200\wip\SSS_0200-0003.sldprt | drw=NO | custom_props=0
2026-02-17 17:58:37 | WF START APPROVE_INREV | code=QQQ_1000-0009 | state=IN_REV | rev=01
2026-02-17 17:58:37 | FS MOVE START | C:\ArchivioCAD\QQQ\1000\rel\QQQ_1000-0009.sldprt -> C:\ArchivioCAD\QQQ\1000\rev\QQQ_1000-0009_R01.sldprt | overwrite=False
2026-02-17 17:58:37 | FS MOVE OK (rename) | C:\ArchivioCAD\QQQ\1000\rel\QQQ_1000-0009.sldprt -> C:\ArchivioCAD\QQQ\1000\rev\QQQ_1000-0009_R01.sldprt
2026-02-17 17:58:37 | FS MOVE START | C:\ArchivioCAD\QQQ\1000\inrev\QQQ_1000-0009_R01__INREV.sldprt -> C:\ArchivioCAD\QQQ\1000\rel\QQQ_1000-0009.sldprt | overwrite=True
2026-02-17 17:58:37 | FS MOVE OK (rename) | C:\ArchivioCAD\QQQ\1000\inrev\QQQ_1000-0009_R01__INREV.sldprt -> C:\ArchivioCAD\QQQ\1000\rel\QQQ_1000-0009.sldprt
2026-02-17 17:58:37 | WF OK APPROVE_INREV | code=QQQ_1000-0009 | new_state=REL | rev=02
