07/02/2026 23:06:00 | Bootstrap start. ActivePath=C:\ArchivioCAD\SSS\0200\inrev\SSS_0200-0002_R00__INREV.sldprt
07/02/2026 23:06:00 | Payload copied from C:\PDM-SW\\WORKSPACES\\42e77f6a_prog\\macros\\payload to C:\PDM-SW\\SW_CACHE\\42e77f6a\\payload
07/02/2026 23:06:00 | SW context file: C:\PDM-SW\\SW_CACHE\\42e77f6a\\payload\sw_context.json
07/02/2026 23:06:00 | Run PY: "C:\Users\prog3\AppData\Local\Programs\Python\Python314\pythonw.exe" "C:\PDM-SW\\SW_CACHE\\42e77f6a\\payload\\PDM_SW_PAYLOAD.py" --pdm-root "C:\PDM-SW" --workspace 42e77f6a --sw-context-file "C:\PDM-SW\\SW_CACHE\\42e77f6a\\payload\sw_context.json" --log-file "C:\PDM-SW\\SW_CACHE\\42e77f6a\\payload\\payload.log"
07/02/2026 23:06:02 | Bootstrap start. ActivePath=C:\ArchivioCAD\SSS\0200\inrev\SSS_0200-0002_R00__INREV.sldprt
07/02/2026 23:06:02 | Payload copied from C:\PDM-SW\\WORKSPACES\\42e77f6a_prog\\macros\\payload to C:\PDM-SW\\SW_CACHE\\42e77f6a\\payload
07/02/2026 23:06:02 | SW context file: C:\PDM-SW\\SW_CACHE\\42e77f6a\\payload\sw_context.json
07/02/2026 23:06:02 | Run PY: "C:\Users\prog3\AppData\Local\Programs\Python\Python314\pythonw.exe" "C:\PDM-SW\\SW_CACHE\\42e77f6a\\payload\\PDM_SW_PAYLOAD.py" --pdm-root "C:\PDM-SW" --workspace 42e77f6a --sw-context-file "C:\PDM-SW\\SW_CACHE\\42e77f6a\\payload\sw_context.json" --log-file "C:\PDM-SW\\SW_CACHE\\42e77f6a\\payload\\payload.log"
07/02/2026 23:06:03 | Bootstrap start. ActivePath=C:\ArchivioCAD\SSS\0200\inrev\SSS_0200-0002_R00__INREV.sldprt
07/02/2026 23:06:03 | Payload copied from C:\PDM-SW\\WORKSPACES\\42e77f6a_prog\\macros\\payload to C:\PDM-SW\\SW_CACHE\\42e77f6a\\payload
07/02/2026 23:06:03 | SW context file: C:\PDM-SW\\SW_CACHE\\42e77f6a\\payload\sw_context.json
07/02/2026 23:06:03 | Run PY: "C:\Users\prog3\AppData\Local\Programs\Python\Python314\pythonw.exe" "C:\PDM-SW\\SW_CACHE\\42e77f6a\\payload\\PDM_SW_PAYLOAD.py" --pdm-root "C:\PDM-SW" --workspace 42e77f6a --sw-context-file "C:\PDM-SW\\SW_CACHE\\42e77f6a\\payload\sw_context.json" --log-file "C:\PDM-SW\\SW_CACHE\\42e77f6a\\payload\\payload.log"
07/02/2026 23:13:50 | Bootstrap start. ActivePath=C:\ArchivioCAD\SSS\0200\inrev\SSS_0200-0002_R00__INREV.sldprt
07/02/2026 23:13:50 | Payload copied from C:\PDM-SW\\WORKSPACES\\42e77f6a_prog\\macros\\payload to C:\PDM-SW\\SW_CACHE\\42e77f6a\\payload
07/02/2026 23:13:50 | SW context file: C:\PDM-SW\\SW_CACHE\\42e77f6a\\payload\sw_context.json
07/02/2026 23:13:50 | Run PY: "C:\Users\prog3\AppData\Local\Programs\Python\Python314\pythonw.exe" "C:\PDM-SW\\SW_CACHE\\42e77f6a\\payload\\PDM_SW_PAYLOAD.py" --pdm-root "C:\PDM-SW" --workspace 42e77f6a --sw-context-file "C:\PDM-SW\\SW_CACHE\\42e77f6a\\payload\sw_context.json" --log-file "C:\PDM-SW\\SW_CACHE\\42e77f6a\\payload\\payload.log"
07/02/2026 23:20:57 | Bootstrap start. ActivePath=C:\ArchivioCAD\SSS\0200\inrev\SSS_0200-0002_R00__INREV.sldprt
07/02/2026 23:20:57 | Payload copied from C:\PDM-SW\\WORKSPACES\\42e77f6a_prog\\macros\\payload to C:\PDM-SW\\SW_CACHE\\42e77f6a\\payload
07/02/2026 23:20:57 | SW context file: C:\PDM-SW\\SW_CACHE\\42e77f6a\\payload\sw_context.json
07/02/2026 23:20:57 | Run PY: "C:\Users\prog3\AppData\Local\Programs\Python\Python314\pythonw.exe" "C:\PDM-SW\\SW_CACHE\\42e77f6a\\payload\\PDM_SW_PAYLOAD.py" --pdm-root "C:\PDM-SW" --workspace 42e77f6a --sw-context-file "C:\PDM-SW\\SW_CACHE\\42e77f6a\\payload\sw_context.json" --log-file "C:\PDM-SW\\SW_CACHE\\42e77f6a\\payload\\payload.log"
07/02/2026 23:20:58 | Bootstrap start. ActivePath=C:\ArchivioCAD\SSS\0200\inrev\SSS_0200-0002_R00__INREV.sldprt
07/02/2026 23:20:58 | Payload copied from C:\PDM-SW\\WORKSPACES\\42e77f6a_prog\\macros\\payload to C:\PDM-SW\\SW_CACHE\\42e77f6a\\payload
07/02/2026 23:20:58 | SW context file: C:\PDM-SW\\SW_CACHE\\42e77f6a\\payload\sw_context.json
07/02/2026 23:20:58 | Run PY: "C:\Users\prog3\AppData\Local\Programs\Python\Python314\pythonw.exe" "C:\PDM-SW\\SW_CACHE\\42e77f6a\\payload\\PDM_SW_PAYLOAD.py" --pdm-root "C:\PDM-SW" --workspace 42e77f6a --sw-context-file "C:\PDM-SW\\SW_CACHE\\42e77f6a\\payload\sw_context.json" --log-file "C:\PDM-SW\\SW_CACHE\\42e77f6a\\payload\\payload.log"
07/02/2026 23:21:19 | Bootstrap start. ActivePath=C:\ArchivioCAD\SSS\0200\inrev\SSS_0200-0002_R00__INREV.sldprt
07/02/2026 23:21:19 | Payload copied from C:\PDM-SW\\WORKSPACES\\42e77f6a_prog\\macros\\payload to C:\PDM-SW\\SW_CACHE\\42e77f6a\\payload
07/02/2026 23:21:19 | SW context file: C:\PDM-SW\\SW_CACHE\\42e77f6a\\payload\sw_context.json
07/02/2026 23:21:19 | Run PY: "C:\Users\prog3\AppData\Local\Programs\Python\Python314\pythonw.exe" "C:\PDM-SW\\SW_CACHE\\42e77f6a\\payload\\PDM_SW_PAYLOAD.py" --pdm-root "C:\PDM-SW" --workspace 42e77f6a --sw-context-file "C:\PDM-SW\\SW_CACHE\\42e77f6a\\payload\sw_context.json" --log-file "C:\PDM-SW\\SW_CACHE\\42e77f6a\\payload\\payload.log"
07/02/2026 23:26:21 | Bootstrap start. ActivePath=C:\ArchivioCAD\SSS\0200\inrev\SSS_0200-0002_R00__INREV.slddrw
07/02/2026 23:26:21 | Payload copied from C:\PDM-SW\\WORKSPACES\\42e77f6a_prog\\macros\\payload to C:\PDM-SW\\SW_CACHE\\42e77f6a\\payload
07/02/2026 23:26:21 | SW context file: C:\PDM-SW\\SW_CACHE\\42e77f6a\\payload\sw_context.json
07/02/2026 23:26:21 | Run PY: "C:\Users\prog3\AppData\Local\Programs\Python\Python314\pythonw.exe" "C:\PDM-SW\\SW_CACHE\\42e77f6a\\payload\\PDM_SW_PAYLOAD.py" --pdm-root "C:\PDM-SW" --workspace 42e77f6a --sw-context-file "C:\PDM-SW\\SW_CACHE\\42e77f6a\\payload\sw_context.json" --log-file "C:\PDM-SW\\SW_CACHE\\42e77f6a\\payload\\payload.log"
07/02/2026 23:27:13 | Bootstrap start. ActivePath=C:\ArchivioCAD\SSS\0200\inrev\SSS_0200-0002_R00__INREV.slddrw
07/02/2026 23:27:13 | Payload copied from C:\PDM-SW\\WORKSPACES\\42e77f6a_prog\\macros\\payload to C:\PDM-SW\\SW_CACHE\\42e77f6a\\payload
07/02/2026 23:27:13 | SW context file: C:\PDM-SW\\SW_CACHE\\42e77f6a\\payload\sw_context.json
07/02/2026 23:27:13 | Run PY: "C:\Users\prog3\AppData\Local\Programs\Python\Python314\pythonw.exe" "C:\PDM-SW\\SW_CACHE\\42e77f6a\\payload\\PDM_SW_PAYLOAD.py" --pdm-root "C:\PDM-SW" --workspace 42e77f6a --sw-context-file "C:\PDM-SW\\SW_CACHE\\42e77f6a\\payload\sw_context.json" --log-file "C:\PDM-SW\\SW_CACHE\\42e77f6a\\payload\\payload.log"
07/02/2026 23:27:14 | Bootstrap start. ActivePath=C:\ArchivioCAD\SSS\0200\inrev\SSS_0200-0002_R00__INREV.slddrw
07/02/2026 23:27:14 | Payload copied from C:\PDM-SW\\WORKSPACES\\42e77f6a_prog\\macros\\payload to C:\PDM-SW\\SW_CACHE\\42e77f6a\\payload
07/02/2026 23:27:14 | SW context file: C:\PDM-SW\\SW_CACHE\\42e77f6a\\payload\sw_context.json
07/02/2026 23:27:14 | Run PY: "C:\Users\prog3\AppData\Local\Programs\Python\Python314\pythonw.exe" "C:\PDM-SW\\SW_CACHE\\42e77f6a\\payload\\PDM_SW_PAYLOAD.py" --pdm-root "C:\PDM-SW" --workspace 42e77f6a --sw-context-file "C:\PDM-SW\\SW_CACHE\\42e77f6a\\payload\sw_context.json" --log-file "C:\PDM-SW\\SW_CACHE\\42e77f6a\\payload\\payload.log"
07/02/2026 23:37:34 | Bootstrap start. ActivePath=C:\ArchivioCAD\SSS\0200\inrev\SSS_0200-0002_R00__INREV.sldprt
07/02/2026 23:37:34 | Payload copied from C:\PDM-SW\\WORKSPACES\\42e77f6a_prog\\macros\\payload to C:\PDM-SW\\SW_CACHE\\42e77f6a\\payload
07/02/2026 23:37:34 | SW context file: C:\PDM-SW\\SW_CACHE\\42e77f6a\\payload\sw_context.json
07/02/2026 23:37:34 | Use PY: C:\Users\prog3\AppData\Local\Programs\Python\Python314\pythonw.exe
07/02/2026 23:37:34 | Run BAT: cmd.exe /c ""C:\PDM-SW\\SW_CACHE\\42e77f6a\\payload\run_payload.bat""
07/02/2026 23:37:34 | Shell PID: 27568
07/02/2026 23:38:53 | Bootstrap start. ActivePath=C:\ArchivioCAD\SSS\0200\inrev\SSS_0200-0002_R00__INREV.sldprt
07/02/2026 23:38:53 | Payload copied from C:\PDM-SW\\WORKSPACES\\42e77f6a_prog\\macros\\payload to C:\PDM-SW\\SW_CACHE\\42e77f6a\\payload
07/02/2026 23:38:53 | SW context file: C:\PDM-SW\\SW_CACHE\\42e77f6a\\payload\sw_context.json
07/02/2026 23:38:54 | Use PY: C:\Users\prog3\AppData\Local\Programs\Python\Python314\pythonw.exe
07/02/2026 23:38:54 | Run BAT: cmd.exe /c ""C:\PDM-SW\\SW_CACHE\\42e77f6a\\payload\run_payload.bat""
07/02/2026 23:38:54 | Shell PID: 36496
07/02/2026 23:38:55 | Bootstrap start. ActivePath=C:\ArchivioCAD\SSS\0200\inrev\SSS_0200-0002_R00__INREV.sldprt
07/02/2026 23:38:55 | Payload copied from C:\PDM-SW\\WORKSPACES\\42e77f6a_prog\\macros\\payload to C:\PDM-SW\\SW_CACHE\\42e77f6a\\payload
07/02/2026 23:38:55 | SW context file: C:\PDM-SW\\SW_CACHE\\42e77f6a\\payload\sw_context.json
07/02/2026 23:38:56 | Use PY: C:\Users\prog3\AppData\Local\Programs\Python\Python314\pythonw.exe
07/02/2026 23:38:56 | Run BAT: cmd.exe /c ""C:\PDM-SW\\SW_CACHE\\42e77f6a\\payload\run_payload.bat""
07/02/2026 23:38:57 | Shell PID: 14304
07/02/2026 23:38:58 | Bootstrap start. ActivePath=C:\ArchivioCAD\SSS\0200\inrev\SSS_0200-0002_R00__INREV.sldprt
07/02/2026 23:38:58 | Payload copied from C:\PDM-SW\\WORKSPACES\\42e77f6a_prog\\macros\\payload to C:\PDM-SW\\SW_CACHE\\42e77f6a\\payload
07/02/2026 23:38:59 | SW context file: C:\PDM-SW\\SW_CACHE\\42e77f6a\\payload\sw_context.json
07/02/2026 23:39:02 | Use PY: C:\Users\prog3\AppData\Local\Programs\Python\Python314\pythonw.exe
07/02/2026 23:39:02 | Run BAT: cmd.exe /c ""C:\PDM-SW\\SW_CACHE\\42e77f6a\\payload\run_payload.bat""
07/02/2026 23:39:02 | Shell PID: 32232
07/02/2026 23:42:31 | Bootstrap start. ActivePath=C:\ArchivioCAD\QQQ\2000\wip\QQQ_2000-0001.SLDPRT
07/02/2026 23:42:31 | Payload copied from C:\PDM-SW\\WORKSPACES\\42e77f6a_prog\\macros\\payload to C:\PDM-SW\\SW_CACHE\\42e77f6a\\payload
07/02/2026 23:42:31 | SW context file: C:\PDM-SW\\SW_CACHE\\42e77f6a\\payload\sw_context.json
07/02/2026 23:42:31 | Use PY: C:\Users\prog3\AppData\Local\Programs\Python\Python314\pythonw.exe
07/02/2026 23:42:31 | Run BAT: cmd.exe /c ""C:\PDM-SW\\SW_CACHE\\42e77f6a\\payload\run_payload.bat""
07/02/2026 23:42:31 | Shell PID: 36684
07/02/2026 23:45:35 | Bootstrap start. ActivePath=
07/02/2026 23:45:35 | Payload copied from C:\PDM-SW\\WORKSPACES\\42e77f6a_prog\\macros\\payload to C:\PDM-SW\\SW_CACHE\\42e77f6a\\payload
07/02/2026 23:45:35 | SW context file: C:\PDM-SW\\SW_CACHE\\42e77f6a\\payload\sw_context.json
07/02/2026 23:45:35 | Use PY: C:\Users\prog3\AppData\Local\Programs\Python\Python314\pythonw.exe
07/02/2026 23:45:35 | Run BAT: cmd.exe /c ""C:\PDM-SW\\SW_CACHE\\42e77f6a\\payload\run_payload.bat""
07/02/2026 23:45:35 | Shell PID: 5740
07/02/2026 23:45:44 | Bootstrap start. ActivePath=C:\ArchivioCAD\QQQ\2000\wip\QQQ_2000-0001.SLDPRT
07/02/2026 23:45:44 | Payload copied from C:\PDM-SW\\WORKSPACES\\42e77f6a_prog\\macros\\payload to C:\PDM-SW\\SW_CACHE\\42e77f6a\\payload
07/02/2026 23:45:44 | SW context file: C:\PDM-SW\\SW_CACHE\\42e77f6a\\payload\sw_context.json
07/02/2026 23:45:44 | Use PY: C:\Users\prog3\AppData\Local\Programs\Python\Python314\pythonw.exe
07/02/2026 23:45:44 | Run BAT: cmd.exe /c ""C:\PDM-SW\\SW_CACHE\\42e77f6a\\payload\run_payload.bat""
07/02/2026 23:45:44 | Shell PID: 32088
07/02/2026 23:45:57 | Bootstrap start. ActivePath=C:\ArchivioCAD\QQQ\2000\wip\QQQ_2000-0001.SLDPRT
07/02/2026 23:45:57 | Payload copied from C:\PDM-SW\\WORKSPACES\\42e77f6a_prog\\macros\\payload to C:\PDM-SW\\SW_CACHE\\42e77f6a\\payload
07/02/2026 23:45:57 | SW context file: C:\PDM-SW\\SW_CACHE\\42e77f6a\\payload\sw_context.json
07/02/2026 23:45:57 | Use PY: C:\Users\prog3\AppData\Local\Programs\Python\Python314\pythonw.exe
07/02/2026 23:45:57 | Run BAT: cmd.exe /c ""C:\PDM-SW\\SW_CACHE\\42e77f6a\\payload\run_payload.bat""
07/02/2026 23:45:57 | Shell PID: 15536
07/02/2026 23:45:58 | Bootstrap start. ActivePath=C:\ArchivioCAD\QQQ\2000\wip\QQQ_2000-0001.SLDPRT
07/02/2026 23:45:58 | Payload copied from C:\PDM-SW\\WORKSPACES\\42e77f6a_prog\\macros\\payload to C:\PDM-SW\\SW_CACHE\\42e77f6a\\payload
07/02/2026 23:45:58 | SW context file: C:\PDM-SW\\SW_CACHE\\42e77f6a\\payload\sw_context.json
07/02/2026 23:45:58 | Use PY: C:\Users\prog3\AppData\Local\Programs\Python\Python314\pythonw.exe
07/02/2026 23:45:58 | Run BAT: cmd.exe /c ""C:\PDM-SW\\SW_CACHE\\42e77f6a\\payload\run_payload.bat""
07/02/2026 23:45:58 | Shell PID: 24656
07/02/2026 23:45:59 | Bootstrap start. ActivePath=C:\ArchivioCAD\QQQ\2000\wip\QQQ_2000-0001.SLDPRT
07/02/2026 23:45:59 | Payload copied from C:\PDM-SW\\WORKSPACES\\42e77f6a_prog\\macros\\payload to C:\PDM-SW\\SW_CACHE\\42e77f6a\\payload
07/02/2026 23:45:59 | SW context file: C:\PDM-SW\\SW_CACHE\\42e77f6a\\payload\sw_context.json
07/02/2026 23:45:59 | Use PY: C:\Users\prog3\AppData\Local\Programs\Python\Python314\pythonw.exe
07/02/2026 23:45:59 | Run BAT: cmd.exe /c ""C:\PDM-SW\\SW_CACHE\\42e77f6a\\payload\run_payload.bat""
07/02/2026 23:45:59 | Shell PID: 20564
07/02/2026 23:47:29 | Bootstrap start. ActivePath=C:\ArchivioCAD\SSS\0200\inrev\SSS_0200-0002_R00__INREV.sldprt
07/02/2026 23:47:29 | Payload copied from C:\PDM-SW\\WORKSPACES\\42e77f6a_prog\\macros\\payload to C:\PDM-SW\\SW_CACHE\\42e77f6a\\payload
07/02/2026 23:47:29 | SW context file: C:\PDM-SW\\SW_CACHE\\42e77f6a\\payload\sw_context.json
07/02/2026 23:47:29 | Use PY: C:\Users\prog3\AppData\Local\Programs\Python\Python314\pythonw.exe
07/02/2026 23:47:29 | Run BAT: cmd.exe /c ""C:\PDM-SW\\SW_CACHE\\42e77f6a\\payload\run_payload.bat""
07/02/2026 23:47:29 | Shell PID: 36500
07/02/2026 23:47:39 | Bootstrap start. ActivePath=C:\ArchivioCAD\SSS\0200\inrev\SSS_0200-0002_R00__INREV.sldprt
07/02/2026 23:47:39 | Payload copied from C:\PDM-SW\\WORKSPACES\\42e77f6a_prog\\macros\\payload to C:\PDM-SW\\SW_CACHE\\42e77f6a\\payload
07/02/2026 23:47:39 | SW context file: C:\PDM-SW\\SW_CACHE\\42e77f6a\\payload\sw_context.json
07/02/2026 23:47:39 | Use PY: C:\Users\prog3\AppData\Local\Programs\Python\Python314\pythonw.exe
07/02/2026 23:47:39 | Run BAT: cmd.exe /c ""C:\PDM-SW\\SW_CACHE\\42e77f6a\\payload\run_payload.bat""
07/02/2026 23:47:39 | Shell PID: 27296
07/02/2026 23:52:19 | Bootstrap start. ActivePath=C:\ArchivioCAD\SSS\0200\inrev\SSS_0200-0002_R00__INREV.sldprt
07/02/2026 23:52:19 | Payload copied from C:\PDM-SW\\WORKSPACES\\42e77f6a_prog\\macros\\payload to C:\PDM-SW\\SW_CACHE\\42e77f6a\\payload
07/02/2026 23:52:20 | SW context file: C:\PDM-SW\\SW_CACHE\\42e77f6a\\payload\sw_context.json
07/02/2026 23:52:20 | Use PY: C:\Users\prog3\AppData\Local\Programs\Python\Python314\pythonw.exe
07/02/2026 23:52:20 | Run BAT: cmd.exe /c ""C:\PDM-SW\\SW_CACHE\\42e77f6a\\payload\run_payload.bat""
07/02/2026 23:52:20 | Shell PID: 9380
07/02/2026 23:52:20 | Bootstrap start. ActivePath=C:\ArchivioCAD\SSS\0200\inrev\SSS_0200-0002_R00__INREV.sldprt
07/02/2026 23:52:20 | Payload copied from C:\PDM-SW\\WORKSPACES\\42e77f6a_prog\\macros\\payload to C:\PDM-SW\\SW_CACHE\\42e77f6a\\payload
07/02/2026 23:52:20 | SW context file: C:\PDM-SW\\SW_CACHE\\42e77f6a\\payload\sw_context.json
07/02/2026 23:52:20 | Use PY: C:\Users\prog3\AppData\Local\Programs\Python\Python314\pythonw.exe
07/02/2026 23:52:20 | Run BAT: cmd.exe /c ""C:\PDM-SW\\SW_CACHE\\42e77f6a\\payload\run_payload.bat""
07/02/2026 23:52:20 | Shell PID: 26216
08/02/2026 00:29:26 | Bootstrap start. ActivePath=C:\ArchivioCAD\SSS\0200\inrev\SSS_0200-0002_R00__INREV.sldprt
08/02/2026 00:29:26 | Payload copied from C:\PDM-SW\\WORKSPACES\\42e77f6a_prog\\macros\\payload to C:\PDM-SW\\SW_CACHE\\42e77f6a\\payload
08/02/2026 00:29:26 | SW context file: C:\PDM-SW\\SW_CACHE\\42e77f6a\\payload\sw_context.json
08/02/2026 00:29:26 | Use PY: C:\Users\prog3\AppData\Local\Programs\Python\Python314\pythonw.exe
08/02/2026 00:29:26 | Run BAT: cmd.exe /c ""C:\PDM-SW\\SW_CACHE\\42e77f6a\\payload\run_payload.bat""
08/02/2026 00:29:26 | Shell PID: 19252
08/02/2026 00:33:43 | Bootstrap start. ActivePath=C:\ArchivioCAD\SSS\0200\inrev\SSS_0200-0002_R00__INREV.sldprt
08/02/2026 00:33:43 | Payload copied from C:\PDM-SW\\WORKSPACES\\42e77f6a_prog\\macros\\payload to C:\PDM-SW\\SW_CACHE\\42e77f6a\\payload
08/02/2026 00:33:43 | SW context file: C:\PDM-SW\\SW_CACHE\\42e77f6a\\payload\sw_context.json
08/02/2026 00:33:43 | Use PY: C:\Users\prog3\AppData\Local\Programs\Python\Python314\pythonw.exe
08/02/2026 00:33:43 | Run BAT: cmd.exe /c ""C:\PDM-SW\\SW_CACHE\\42e77f6a\\payload\run_payload.bat""
08/02/2026 00:33:44 | Shell PID: 31436
08/02/2026 00:33:45 | Bootstrap start. ActivePath=C:\ArchivioCAD\SSS\0200\inrev\SSS_0200-0002_R00__INREV.sldprt
08/02/2026 00:33:45 | Payload copied from C:\PDM-SW\\WORKSPACES\\42e77f6a_prog\\macros\\payload to C:\PDM-SW\\SW_CACHE\\42e77f6a\\payload
08/02/2026 00:33:45 | SW context file: C:\PDM-SW\\SW_CACHE\\42e77f6a\\payload\sw_context.json
08/02/2026 00:33:45 | Use PY: C:\Users\prog3\AppData\Local\Programs\Python\Python314\pythonw.exe
08/02/2026 00:33:45 | Run BAT: cmd.exe /c ""C:\PDM-SW\\SW_CACHE\\42e77f6a\\payload\run_payload.bat""
08/02/2026 00:33:45 | Shell PID: 17464
08/02/2026 01:02:38 | Bootstrap start. ActivePath=C:\ArchivioCAD\SSS\0200\inrev\SSS_0200-0002_R00__INREV.sldprt
08/02/2026 01:02:38 | Payload copied from C:\PDM-SW\\WORKSPACES\\42e77f6a_prog\\macros\\payload to C:\PDM-SW\\SW_CACHE\\42e77f6a\\payload
08/02/2026 01:02:38 | SW context file: C:\PDM-SW\\SW_CACHE\\42e77f6a\\payload\sw_context.json
08/02/2026 01:02:38 | Use PY: C:\Users\prog3\AppData\Local\Programs\Python\Python314\pythonw.exe
08/02/2026 01:02:38 | Run BAT: cmd.exe /c ""C:\PDM-SW\\SW_CACHE\\42e77f6a\\payload\run_payload.bat""
08/02/2026 01:02:38 | Shell PID: 23392
08/02/2026 01:09:49 | Bootstrap start. ActivePath=C:\ArchivioCAD\QQQ\2000\wip\QQQ_2000-0001.SLDPRT
08/02/2026 01:09:49 | Payload copied from C:\PDM-SW\\WORKSPACES\\42e77f6a_prog\\macros\\payload to C:\PDM-SW\\SW_CACHE\\42e77f6a\\payload
08/02/2026 01:09:49 | SW context file: C:\PDM-SW\\SW_CACHE\\42e77f6a\\payload\sw_context.json
08/02/2026 01:09:49 | Use PY: C:\Users\prog3\AppData\Local\Programs\Python\Python314\pythonw.exe
08/02/2026 01:09:49 | Run BAT: cmd.exe /c ""C:\PDM-SW\\SW_CACHE\\42e77f6a\\payload\run_payload.bat""
08/02/2026 01:09:49 | Shell PID: 12760
08/02/2026 01:29:48 | Bootstrap start. ActivePath=C:\ArchivioCAD\QQQ\2000\wip\QQQ_2000-0001.SLDPRT
08/02/2026 01:29:48 | Payload copied from C:\PDM-SW\\WORKSPACES\\42e77f6a_prog\\macros\\payload to C:\PDM-SW\\SW_CACHE\\42e77f6a\\payload
08/02/2026 01:29:48 | SW context file: C:\PDM-SW\\SW_CACHE\\42e77f6a\\payload\sw_context.json
08/02/2026 01:29:48 | Use PY: C:\Users\prog3\AppData\Local\Programs\Python\Python311\pythonw.exe
08/02/2026 01:29:48 | Run BAT: cmd.exe /c ""C:\PDM-SW\\SW_CACHE\\42e77f6a\\payload\run_payload.bat""
08/02/2026 01:29:48 | Shell PID: 33020
08/02/2026 01:30:12 | Bootstrap start. ActivePath=
08/02/2026 01:30:12 | Payload copied from C:\PDM-SW\\WORKSPACES\\42e77f6a_prog\\macros\\payload to C:\PDM-SW\\SW_CACHE\\42e77f6a\\payload
08/02/2026 01:30:12 | SW context file: C:\PDM-SW\\SW_CACHE\\42e77f6a\\payload\sw_context.json
08/02/2026 01:30:12 | Use PY: C:\Users\prog3\AppData\Local\Programs\Python\Python311\pythonw.exe
08/02/2026 01:30:12 | Run BAT: cmd.exe /c ""C:\PDM-SW\\SW_CACHE\\42e77f6a\\payload\run_payload.bat""
08/02/2026 01:30:12 | Shell PID: 7640
08/02/2026 01:30:44 | Bootstrap start. ActivePath=C:\Users\prog3\Desktop\3333.SLDPRT
08/02/2026 01:30:44 | Payload copied from C:\PDM-SW\\WORKSPACES\\42e77f6a_prog\\macros\\payload to C:\PDM-SW\\SW_CACHE\\42e77f6a\\payload
08/02/2026 01:30:44 | SW context file: C:\PDM-SW\\SW_CACHE\\42e77f6a\\payload\sw_context.json
08/02/2026 01:30:44 | Use PY: C:\Users\prog3\AppData\Local\Programs\Python\Python311\pythonw.exe
08/02/2026 01:30:44 | Run BAT: cmd.exe /c ""C:\PDM-SW\\SW_CACHE\\42e77f6a\\payload\run_payload.bat""
08/02/2026 01:30:44 | Shell PID: 16640
08/02/2026 01:31:34 | Bootstrap start. ActivePath=C:\Users\prog3\Desktop\3333.SLDPRT
08/02/2026 01:31:34 | Payload copied from C:\PDM-SW\\WORKSPACES\\42e77f6a_prog\\macros\\payload to C:\PDM-SW\\SW_CACHE\\42e77f6a\\payload
08/02/2026 01:31:34 | SW context file: C:\PDM-SW\\SW_CACHE\\42e77f6a\\payload\sw_context.json
08/02/2026 01:31:34 | Use PY: C:\Users\prog3\AppData\Local\Programs\Python\Python311\pythonw.exe
08/02/2026 01:31:34 | Run BAT: cmd.exe /c ""C:\PDM-SW\\SW_CACHE\\42e77f6a\\payload\run_payload.bat""
08/02/2026 01:31:34 | Shell PID: 10992
08/02/2026 01:33:15 | Bootstrap start. ActivePath=
08/02/2026 01:33:15 | Payload copied from C:\PDM-SW\\WORKSPACES\\42e77f6a_prog\\macros\\payload to C:\PDM-SW\\SW_CACHE\\42e77f6a\\payload
08/02/2026 01:33:15 | SW context file: C:\PDM-SW\\SW_CACHE\\42e77f6a\\payload\sw_context.json
08/02/2026 01:33:15 | Use PY: C:\Users\prog3\AppData\Local\Programs\Python\Python311\pythonw.exe
08/02/2026 01:33:15 | Run BAT: cmd.exe /c ""C:\PDM-SW\\SW_CACHE\\42e77f6a\\payload\run_payload.bat""
08/02/2026 01:33:15 | Shell PID: 31868
08/02/2026 01:33:36 | Bootstrap start. ActivePath=C:\Users\prog3\Desktop\444.SLDASM
08/02/2026 01:33:36 | Payload copied from C:\PDM-SW\\WORKSPACES\\42e77f6a_prog\\macros\\payload to C:\PDM-SW\\SW_CACHE\\42e77f6a\\payload
08/02/2026 01:33:36 | SW context file: C:\PDM-SW\\SW_CACHE\\42e77f6a\\payload\sw_context.json
08/02/2026 01:33:36 | Use PY: C:\Users\prog3\AppData\Local\Programs\Python\Python311\pythonw.exe
08/02/2026 01:33:36 | Run BAT: cmd.exe /c ""C:\PDM-SW\\SW_CACHE\\42e77f6a\\payload\run_payload.bat""
08/02/2026 01:33:36 | Shell PID: 16900
08/02/2026 01:36:19 | Bootstrap start. ActivePath=C:\Users\prog3\Desktop\3333.SLDPRT
08/02/2026 01:36:19 | Payload copied from C:\PDM-SW\\WORKSPACES\\42e77f6a_prog\\macros\\payload to C:\PDM-SW\\SW_CACHE\\42e77f6a\\payload
08/02/2026 01:36:19 | SW context file: C:\PDM-SW\\SW_CACHE\\42e77f6a\\payload\sw_context.json
08/02/2026 01:36:19 | Use PY: C:\Users\prog3\AppData\Local\Programs\Python\Python311\pythonw.exe
08/02/2026 01:36:19 | Run BAT: cmd.exe /c ""C:\PDM-SW\\SW_CACHE\\42e77f6a\\payload\run_payload.bat""
08/02/2026 01:36:19 | Shell PID: 23292
08/02/2026 09:31:37 | Bootstrap start. ActivePath=C:\Users\prog3\Desktop\3333.SLDPRT
08/02/2026 09:31:38 | Payload copied from C:\PDM-SW\\WORKSPACES\\42e77f6a_prog\\macros\\payload to C:\PDM-SW\\SW_CACHE\\42e77f6a\\payload
08/02/2026 09:31:38 | SW context file: C:\PDM-SW\\SW_CACHE\\42e77f6a\\payload\sw_context.json
08/02/2026 09:31:38 | Use PY: C:\Users\prog3\AppData\Local\Programs\Python\Python314\pythonw.exe
08/02/2026 09:31:39 | Run BAT: cmd.exe /c ""C:\PDM-SW\\SW_CACHE\\42e77f6a\\payload\run_payload.bat""
08/02/2026 09:31:39 | Shell PID: 7472
08/02/2026 09:32:43 | Bootstrap start. ActivePath=C:\Users\prog3\Desktop\444.SLDASM
08/02/2026 09:32:44 | Payload copied from C:\PDM-SW\\WORKSPACES\\42e77f6a_prog\\macros\\payload to C:\PDM-SW\\SW_CACHE\\42e77f6a\\payload
08/02/2026 09:32:44 | SW context file: C:\PDM-SW\\SW_CACHE\\42e77f6a\\payload\sw_context.json
08/02/2026 09:32:45 | Use PY: C:\Users\prog3\AppData\Local\Programs\Python\Python314\pythonw.exe
08/02/2026 09:32:45 | Run BAT: cmd.exe /c ""C:\PDM-SW\\SW_CACHE\\42e77f6a\\payload\run_payload.bat""
08/02/2026 09:32:45 | Shell PID: 36456
08/02/2026 09:35:42 | Bootstrap start. ActivePath=C:\ArchivioCAD\QQQ\2000\wip\QQQ_2000-0001.SLDPRT
08/02/2026 09:35:43 | Payload copied from C:\PDM-SW\\WORKSPACES\\42e77f6a_prog\\macros\\payload to C:\PDM-SW\\SW_CACHE\\42e77f6a\\payload
08/02/2026 09:35:43 | SW context file: C:\PDM-SW\\SW_CACHE\\42e77f6a\\payload\sw_context.json
08/02/2026 09:35:43 | Use PY: C:\Users\prog3\AppData\Local\Programs\Python\Python314\pythonw.exe
08/02/2026 09:35:44 | Run BAT: cmd.exe /c ""C:\PDM-SW\\SW_CACHE\\42e77f6a\\payload\run_payload.bat""
08/02/2026 09:35:44 | Shell PID: 7472
08/02/2026 09:42:17 | Bootstrap start. ActivePath=C:\ArchivioCAD\QQQ\2000\wip\QQQ_2000-0001.SLDPRT
08/02/2026 09:42:18 | Payload copied from C:\PDM-SW\\WORKSPACES\\42e77f6a_prog\\macros\\payload to C:\PDM-SW\\SW_CACHE\\42e77f6a\\payload
08/02/2026 09:42:18 | SW context file: C:\PDM-SW\\SW_CACHE\\42e77f6a\\payload\sw_context.json
08/02/2026 09:42:19 | Use PY: C:\Users\prog3\AppData\Local\Programs\Python\Python314\pythonw.exe
08/02/2026 09:42:19 | Run BAT: cmd.exe /c ""C:\PDM-SW\\SW_CACHE\\42e77f6a\\payload\run_payload.bat""
08/02/2026 09:42:20 | Shell PID: 22768
08/02/2026 09:42:27 | Bootstrap start. ActivePath=C:\ArchivioCAD\QQQ\2000\wip\QQQ_2000-0001.SLDPRT
08/02/2026 09:42:27 | Payload copied from C:\PDM-SW\\WORKSPACES\\42e77f6a_prog\\macros\\payload to C:\PDM-SW\\SW_CACHE\\42e77f6a\\payload
08/02/2026 09:42:27 | SW context file: C:\PDM-SW\\SW_CACHE\\42e77f6a\\payload\sw_context.json
08/02/2026 09:42:28 | Use PY: C:\Users\prog3\AppData\Local\Programs\Python\Python314\pythonw.exe
08/02/2026 09:42:28 | Run BAT: cmd.exe /c ""C:\PDM-SW\\SW_CACHE\\42e77f6a\\payload\run_payload.bat""
08/02/2026 09:42:28 | Shell PID: 12136
08/02/2026 09:42:43 | Bootstrap start. ActivePath=C:\ArchivioCAD\QQQ\2000\wip\QQQ_2000-0001.SLDPRT
08/02/2026 09:42:43 | Payload copied from C:\PDM-SW\\WORKSPACES\\42e77f6a_prog\\macros\\payload to C:\PDM-SW\\SW_CACHE\\42e77f6a\\payload
08/02/2026 09:42:44 | SW context file: C:\PDM-SW\\SW_CACHE\\42e77f6a\\payload\sw_context.json
08/02/2026 09:42:44 | Use PY: C:\Users\prog3\AppData\Local\Programs\Python\Python314\pythonw.exe
08/02/2026 09:42:44 | Run BAT: cmd.exe /c ""C:\PDM-SW\\SW_CACHE\\42e77f6a\\payload\run_payload.bat""
08/02/2026 09:42:45 | Shell PID: 29832
08/02/2026 09:49:25 | Bootstrap start. ActivePath=C:\Users\prog3\Desktop\3333.SLDPRT
08/02/2026 09:49:26 | Payload copied from C:\PDM-SW\\WORKSPACES\\42e77f6a_prog\\macros\\payload to C:\PDM-SW\\SW_CACHE\\42e77f6a\\payload
08/02/2026 09:49:26 | SW context file: C:\PDM-SW\\SW_CACHE\\42e77f6a\\payload\sw_context.json
08/02/2026 09:49:27 | Use PY: C:\Users\prog3\AppData\Local\Programs\Python\Python314\pythonw.exe
08/02/2026 09:49:27 | Run BAT: cmd.exe /c ""C:\PDM-SW\\SW_CACHE\\42e77f6a\\payload\run_payload.bat""
08/02/2026 09:49:27 | Shell PID: 35496
08/02/2026 09:50:03 | Bootstrap start. ActivePath=C:\ArchivioCAD\QQQ\2000\wip\QQQ_2000-0001.SLDPRT
08/02/2026 09:50:04 | Payload copied from C:\PDM-SW\\WORKSPACES\\42e77f6a_prog\\macros\\payload to C:\PDM-SW\\SW_CACHE\\42e77f6a\\payload
08/02/2026 09:50:04 | SW context file: C:\PDM-SW\\SW_CACHE\\42e77f6a\\payload\sw_context.json
08/02/2026 09:50:04 | Use PY: C:\Users\prog3\AppData\Local\Programs\Python\Python314\pythonw.exe
08/02/2026 09:50:05 | Run BAT: cmd.exe /c ""C:\PDM-SW\\SW_CACHE\\42e77f6a\\payload\run_payload.bat""
08/02/2026 09:50:05 | Shell PID: 31548
08/02/2026 09:51:07 | Bootstrap start. ActivePath=C:\ArchivioCAD\QQQ\2000\wip\QQQ_2000-0001.SLDPRT
08/02/2026 09:51:07 | Payload copied from C:\PDM-SW\\WORKSPACES\\42e77f6a_prog\\macros\\payload to C:\PDM-SW\\SW_CACHE\\42e77f6a\\payload
08/02/2026 09:51:07 | SW context file: C:\PDM-SW\\SW_CACHE\\42e77f6a\\payload\sw_context.json
08/02/2026 09:51:08 | Use PY: C:\Users\prog3\AppData\Local\Programs\Python\Python314\pythonw.exe
08/02/2026 09:51:08 | Run BAT: cmd.exe /c ""C:\PDM-SW\\SW_CACHE\\42e77f6a\\payload\run_payload.bat""
08/02/2026 09:51:08 | Shell PID: 31412
08/02/2026 09:52:44 | Bootstrap start. ActivePath=C:\ArchivioCAD\SSS\0200\inrev\SSS_0200-0002_R00__INREV.sldprt
08/02/2026 09:52:44 | Payload copied from C:\PDM-SW\\WORKSPACES\\42e77f6a_prog\\macros\\payload to C:\PDM-SW\\SW_CACHE\\42e77f6a\\payload
08/02/2026 09:52:45 | SW context file: C:\PDM-SW\\SW_CACHE\\42e77f6a\\payload\sw_context.json
08/02/2026 09:52:45 | Use PY: C:\Users\prog3\AppData\Local\Programs\Python\Python314\pythonw.exe
08/02/2026 09:52:45 | Run BAT: cmd.exe /c ""C:\PDM-SW\\SW_CACHE\\42e77f6a\\payload\run_payload.bat""
08/02/2026 09:52:46 | Shell PID: 14936
08/02/2026 09:53:07 | Bootstrap start. ActivePath=C:\ArchivioCAD\SSS\0200\inrev\SSS_0200-0002_R00__INREV.sldprt
08/02/2026 09:53:07 | Payload copied from C:\PDM-SW\\WORKSPACES\\42e77f6a_prog\\macros\\payload to C:\PDM-SW\\SW_CACHE\\42e77f6a\\payload
08/02/2026 09:53:07 | SW context file: C:\PDM-SW\\SW_CACHE\\42e77f6a\\payload\sw_context.json
08/02/2026 09:53:08 | Use PY: C:\Users\prog3\AppData\Local\Programs\Python\Python314\pythonw.exe
08/02/2026 09:53:08 | Run BAT: cmd.exe /c ""C:\PDM-SW\\SW_CACHE\\42e77f6a\\payload\run_payload.bat""
08/02/2026 09:53:09 | Shell PID: 34152
08/02/2026 09:53:33 | Bootstrap start. ActivePath=C:\ArchivioCAD\SSS\0200\inrev\SSS_0200-0002_R00__INREV.sldprt
08/02/2026 09:53:33 | Payload copied from C:\PDM-SW\\WORKSPACES\\42e77f6a_prog\\macros\\payload to C:\PDM-SW\\SW_CACHE\\42e77f6a\\payload
08/02/2026 09:53:34 | SW context file: C:\PDM-SW\\SW_CACHE\\42e77f6a\\payload\sw_context.json
08/02/2026 09:53:34 | Use PY: C:\Users\prog3\AppData\Local\Programs\Python\Python314\pythonw.exe
08/02/2026 09:53:34 | Run BAT: cmd.exe /c ""C:\PDM-SW\\SW_CACHE\\42e77f6a\\payload\run_payload.bat""
08/02/2026 09:53:35 | Shell PID: 8352
08/02/2026 10:11:52 | Bootstrap start. ActivePath=C:\ArchivioCAD\SSS\0200\inrev\SSS_0200-0002_R00__INREV.sldprt
08/02/2026 10:11:52 | Payload copied from C:\PDM-SW\\WORKSPACES\\42e77f6a_prog\\macros\\payload to C:\PDM-SW\\SW_CACHE\\42e77f6a\\payload
08/02/2026 10:11:52 | SW context file: C:\PDM-SW\\SW_CACHE\\42e77f6a\\payload\sw_context.json
08/02/2026 10:12:01 | Use PY: C:\Users\prog3\AppData\Local\Programs\Python\Python314\pythonw.exe
08/02/2026 10:12:01 | Run BAT: cmd.exe /c ""C:\PDM-SW\\SW_CACHE\\42e77f6a\\payload\run_payload.bat""
08/02/2026 10:12:01 | Shell PID: 6744
08/02/2026 10:13:02 | Bootstrap start. ActivePath=C:\Users\prog3\Desktop\3333.SLDPRT
08/02/2026 10:13:02 | Payload copied from C:\PDM-SW\\WORKSPACES\\42e77f6a_prog\\macros\\payload to C:\PDM-SW\\SW_CACHE\\42e77f6a\\payload
08/02/2026 10:13:02 | SW context file: C:\PDM-SW\\SW_CACHE\\42e77f6a\\payload\sw_context.json
08/02/2026 10:13:02 | Use PY: C:\Users\prog3\AppData\Local\Programs\Python\Python314\pythonw.exe
08/02/2026 10:13:02 | Run BAT: cmd.exe /c ""C:\PDM-SW\\SW_CACHE\\42e77f6a\\payload\run_payload.bat""
08/02/2026 10:13:02 | Shell PID: 4820
08/02/2026 10:14:06 | Bootstrap start. ActivePath=C:\ArchivioCAD\SSS\0200\inrev\SSS_0200-0002_R00__INREV.sldprt
08/02/2026 10:14:06 | Payload copied from C:\PDM-SW\\WORKSPACES\\42e77f6a_prog\\macros\\payload to C:\PDM-SW\\SW_CACHE\\42e77f6a\\payload
08/02/2026 10:14:06 | SW context file: C:\PDM-SW\\SW_CACHE\\42e77f6a\\payload\sw_context.json
08/02/2026 10:14:06 | Use PY: C:\Users\prog3\AppData\Local\Programs\Python\Python314\pythonw.exe
08/02/2026 10:14:06 | Run BAT: cmd.exe /c ""C:\PDM-SW\\SW_CACHE\\42e77f6a\\payload\run_payload.bat""
08/02/2026 10:14:06 | Shell PID: 17728
08/02/2026 10:38:02 | Bootstrap start. ActivePath=C:\Users\prog3\Desktop\3333.SLDPRT
08/02/2026 10:38:02 | Payload copied from C:\PDM-SW\\WORKSPACES\\42e77f6a_prog\\macros\\payload to C:\PDM-SW\\SW_CACHE\\42e77f6a\\payload
08/02/2026 10:38:02 | SW context file: C:\PDM-SW\\SW_CACHE\\42e77f6a\\payload\sw_context.json
08/02/2026 10:38:02 | Use PY: C:\Users\prog3\AppData\Local\Programs\Python\Python314\pythonw.exe
08/02/2026 10:38:02 | Run BAT: cmd.exe /c ""C:\PDM-SW\\SW_CACHE\\42e77f6a\\payload\run_payload.bat""
08/02/2026 10:38:02 | Shell PID: 25040
08/02/2026 10:38:25 | Bootstrap start. ActivePath=C:\ArchivioCAD\SSS\0200\inrev\SSS_0200-0002_R00__INREV.sldprt
08/02/2026 10:38:25 | Payload copied from C:\PDM-SW\\WORKSPACES\\42e77f6a_prog\\macros\\payload to C:\PDM-SW\\SW_CACHE\\42e77f6a\\payload
08/02/2026 10:38:25 | SW context file: C:\PDM-SW\\SW_CACHE\\42e77f6a\\payload\sw_context.json
08/02/2026 10:38:25 | Use PY: C:\Users\prog3\AppData\Local\Programs\Python\Python314\pythonw.exe
08/02/2026 10:38:25 | Run BAT: cmd.exe /c ""C:\PDM-SW\\SW_CACHE\\42e77f6a\\payload\run_payload.bat""
08/02/2026 10:38:25 | Shell PID: 21372
08/02/2026 16:52:06 | Bootstrap start. ActivePath=C:\ArchivioCAD\SSS\0200\inrev\SSS_0200-0002_R00__INREV.sldprt
08/02/2026 16:52:06 | Payload copied from C:\PDM-SW\\WORKSPACES42e77f6a_prog\\macros\\payload to C:\PDM-SW\\SW_CACHE\\42e77f6a\\payload
08/02/2026 16:52:06 | SW context file: C:\PDM-SW\\SW_CACHE\\42e77f6a\\payload\sw_context.json
08/02/2026 16:52:06 | Use PY: C:\Users\prog3\AppData\Local\Programs\Python\Python314\pythonw.exe
08/02/2026 16:52:06 | Run BAT: cmd.exe /c ""C:\PDM-SW\\SW_CACHE\\42e77f6a\\payload\run_payload.bat""
08/02/2026 16:52:06 | Shell PID: 2176
08/02/2026 16:52:14 | Bootstrap start. ActivePath=C:\ArchivioCAD\SSS\0200\inrev\SSS_0200-0002_R00__INREV.sldprt
08/02/2026 16:52:14 | Payload copied from C:\PDM-SW\\WORKSPACES42e77f6a_prog\\macros\\payload to C:\PDM-SW\\SW_CACHE\\42e77f6a\\payload
08/02/2026 16:52:14 | SW context file: C:\PDM-SW\\SW_CACHE\\42e77f6a\\payload\sw_context.json
08/02/2026 16:52:14 | Use PY: C:\Users\prog3\AppData\Local\Programs\Python\Python314\pythonw.exe
08/02/2026 16:52:14 | Run BAT: cmd.exe /c ""C:\PDM-SW\\SW_CACHE\\42e77f6a\\payload\run_payload.bat""
08/02/2026 16:52:14 | Shell PID: 13196
08/02/2026 16:53:22 | Bootstrap start. ActivePath=C:\ArchivioCAD\SSS\0200\inrev\SSS_0200-0002_R00__INREV.sldprt
08/02/2026 16:53:22 | Payload copied from C:\PDM-SW\\WORKSPACES42e77f6a_prog\\macros\\payload to C:\PDM-SW\\SW_CACHE\\42e77f6a\\payload
08/02/2026 16:53:22 | SW context file: C:\PDM-SW\\SW_CACHE\\42e77f6a\\payload\sw_context.json
08/02/2026 16:53:22 | Use PY: C:\Users\prog3\AppData\Local\Programs\Python\Python314\pythonw.exe
08/02/2026 16:53:22 | Run BAT: cmd.exe /c ""C:\PDM-SW\\SW_CACHE\\42e77f6a\\payload\run_payload.bat""
08/02/2026 16:53:22 | Shell PID: 9932
08/02/2026 16:53:32 | Bootstrap start. ActivePath=C:\ArchivioCAD\SSS\0200\inrev\SSS_0200-0002_R00__INREV.sldprt
08/02/2026 16:53:32 | Payload copied from C:\PDM-SW\\WORKSPACES42e77f6a_prog\\macros\\payload to C:\PDM-SW\\SW_CACHE\\42e77f6a\\payload
08/02/2026 16:53:32 | SW context file: C:\PDM-SW\\SW_CACHE\\42e77f6a\\payload\sw_context.json
08/02/2026 16:53:32 | Use PY: C:\Users\prog3\AppData\Local\Programs\Python\Python314\pythonw.exe
08/02/2026 16:53:32 | Run BAT: cmd.exe /c ""C:\PDM-SW\\SW_CACHE\\42e77f6a\\payload\run_payload.bat""
08/02/2026 16:53:32 | Shell PID: 25096
08/02/2026 17:18:43 | Bootstrap start. ActivePath=C:\Users\prog3\Desktop\3333.SLDPRT
08/02/2026 17:18:43 | Payload copied from C:\PDM-SW\\WORKSPACES\\42e77f6a_prog\\macros\\payload to C:\PDM-SW\\SW_CACHE\\42e77f6a\\payload
08/02/2026 17:18:43 | SW context file: C:\PDM-SW\\SW_CACHE\\42e77f6a\\payload\sw_context.json
08/02/2026 17:18:43 | Use PY: C:\Users\prog3\AppData\Local\Programs\Python\Python314\pythonw.exe
08/02/2026 17:18:43 | Run BAT: cmd.exe /c ""C:\PDM-SW\\SW_CACHE\\42e77f6a\\payload\run_payload.bat""
08/02/2026 17:18:43 | Shell PID: 4900
08/02/2026 17:23:13 | Bootstrap start. ActivePath=C:\Users\prog3\Desktop\3333.SLDPRT
08/02/2026 17:23:13 | Payload copied from C:\PDM-SW\\WORKSPACES\\42e77f6a_prog\\macros\\payload to C:\PDM-SW\\SW_CACHE\\42e77f6a\\payload
08/02/2026 17:23:13 | SW context file: C:\PDM-SW\\SW_CACHE\\42e77f6a\\payload\sw_context.json
08/02/2026 17:23:13 | Use PY: C:\Users\prog3\AppData\Local\Programs\Python\Python314\pythonw.exe
08/02/2026 17:23:13 | Run BAT: cmd.exe /c ""C:\PDM-SW\\SW_CACHE\\42e77f6a\\payload\run_payload.bat""
08/02/2026 17:23:13 | Shell PID: 20692
08/02/2026 17:23:15 | Bootstrap start. ActivePath=C:\Users\prog3\Desktop\3333.SLDPRT
08/02/2026 17:23:15 | Payload copied from C:\PDM-SW\\WORKSPACES\\42e77f6a_prog\\macros\\payload to C:\PDM-SW\\SW_CACHE\\42e77f6a\\payload
08/02/2026 17:23:15 | SW context file: C:\PDM-SW\\SW_CACHE\\42e77f6a\\payload\sw_context.json
08/02/2026 17:23:15 | Use PY: C:\Users\prog3\AppData\Local\Programs\Python\Python314\pythonw.exe
08/02/2026 17:23:15 | Run BAT: cmd.exe /c ""C:\PDM-SW\\SW_CACHE\\42e77f6a\\payload\run_payload.bat""
08/02/2026 17:23:15 | Shell PID: 18516
08/02/2026 17:38:34 | Bootstrap start. ActivePath=C:\Users\prog3\Desktop\3333.SLDPRT
08/02/2026 17:38:34 | Payload copied from C:\PDM-SW\\WORKSPACES\\42e77f6a_prog\\macros\\payload to C:\PDM-SW\\SW_CACHE\\42e77f6a\\payload
08/02/2026 17:38:34 | SW context file: C:\PDM-SW\\SW_CACHE\\42e77f6a\\payload\sw_context.json
08/02/2026 17:38:35 | Use PY: C:\Users\prog3\AppData\Local\Programs\Python\Python314\pythonw.exe
08/02/2026 17:38:35 | Run BAT: cmd.exe /c ""C:\PDM-SW\\SW_CACHE\\42e77f6a\\payload\run_payload.bat""
08/02/2026 17:38:35 | Shell PID: 36048
08/02/2026 17:40:24 | Bootstrap start. ActivePath=
08/02/2026 17:40:25 | Payload copied from C:\PDM-SW\\WORKSPACES\\42e77f6a_prog\\macros\\payload to C:\PDM-SW\\SW_CACHE\\42e77f6a\\payload
08/02/2026 17:40:25 | SW context file: C:\PDM-SW\\SW_CACHE\\42e77f6a\\payload\sw_context.json
08/02/2026 17:40:25 | Use PY: C:\Users\prog3\AppData\Local\Programs\Python\Python314\pythonw.exe
08/02/2026 17:40:26 | Run BAT: cmd.exe /c ""C:\PDM-SW\\SW_CACHE\\42e77f6a\\payload\run_payload.bat""
08/02/2026 17:40:26 | Shell PID: 20232
08/02/2026 17:41:11 | Bootstrap start. ActivePath=C:\Users\prog3\Desktop\Parte1.SLDPRT
08/02/2026 17:41:11 | Payload copied from C:\PDM-SW\\WORKSPACES\\42e77f6a_prog\\macros\\payload to C:\PDM-SW\\SW_CACHE\\42e77f6a\\payload
08/02/2026 17:41:11 | SW context file: C:\PDM-SW\\SW_CACHE\\42e77f6a\\payload\sw_context.json
08/02/2026 17:41:12 | Use PY: C:\Users\prog3\AppData\Local\Programs\Python\Python314\pythonw.exe
08/02/2026 17:41:12 | Run BAT: cmd.exe /c ""C:\PDM-SW\\SW_CACHE\\42e77f6a\\payload\run_payload.bat""
08/02/2026 17:41:12 | Shell PID: 7228
08/02/2026 17:42:12 | Bootstrap start. ActivePath=C:\ArchivioCAD\SSS\0200\inrev\SSS_0200-0002_R00__INREV.sldprt
08/02/2026 17:42:13 | Payload copied from C:\PDM-SW\\WORKSPACES\\42e77f6a_prog\\macros\\payload to C:\PDM-SW\\SW_CACHE\\42e77f6a\\payload
08/02/2026 17:42:13 | SW context file: C:\PDM-SW\\SW_CACHE\\42e77f6a\\payload\sw_context.json
08/02/2026 17:42:13 | Use PY: C:\Users\prog3\AppData\Local\Programs\Python\Python314\pythonw.exe
08/02/2026 17:42:14 | Run BAT: cmd.exe /c ""C:\PDM-SW\\SW_CACHE\\42e77f6a\\payload\run_payload.bat""
08/02/2026 17:42:14 | Shell PID: 18392
08/02/2026 17:42:52 | Bootstrap start. ActivePath=C:\ArchivioCAD\QQQ\1000\wip\QQQ_1000-0004.SLDPRT
08/02/2026 17:42:53 | Payload copied from C:\PDM-SW\\WORKSPACES\\42e77f6a_prog\\macros\\payload to C:\PDM-SW\\SW_CACHE\\42e77f6a\\payload
08/02/2026 17:42:53 | SW context file: C:\PDM-SW\\SW_CACHE\\42e77f6a\\payload\sw_context.json
08/02/2026 17:42:53 | Use PY: C:\Users\prog3\AppData\Local\Programs\Python\Python314\pythonw.exe
08/02/2026 17:42:54 | Run BAT: cmd.exe /c ""C:\PDM-SW\\SW_CACHE\\42e77f6a\\payload\run_payload.bat""
08/02/2026 17:42:54 | Shell PID: 14092
08/02/2026 17:48:38 | Bootstrap start. ActivePath=C:\ArchivioCAD\QQQ\1000\wip\QQQ_1000-0005.SLDPRT
08/02/2026 17:48:38 | Payload copied from C:\PDM-SW\\WORKSPACES\\42e77f6a_prog\\macros\\payload to C:\PDM-SW\\SW_CACHE\\42e77f6a\\payload
08/02/2026 17:48:39 | SW context file: C:\PDM-SW\\SW_CACHE\\42e77f6a\\payload\sw_context.json
08/02/2026 17:48:39 | Use PY: C:\Users\prog3\AppData\Local\Programs\Python\Python314\pythonw.exe
08/02/2026 17:48:39 | Run BAT: cmd.exe /c ""C:\PDM-SW\\SW_CACHE\\42e77f6a\\payload\run_payload.bat""
08/02/2026 17:48:40 | Shell PID: 16296
08/02/2026 18:18:40 | Bootstrap start. ActivePath=C:\Users\prog3\Desktop\Parte1.SLDPRT
08/02/2026 18:18:40 | Payload copied from C:\PDM-SW\\WORKSPACES\\42e77f6a_prog\\macros\\payload to C:\PDM-SW\\SW_CACHE\\42e77f6a\\payload
08/02/2026 18:18:41 | SW context file: C:\PDM-SW\\SW_CACHE\\42e77f6a\\payload\sw_context.json
08/02/2026 18:18:41 | Use PY: C:\Users\prog3\AppData\Local\Programs\Python\Python314\pythonw.exe
08/02/2026 18:18:41 | Run BAT: cmd.exe /c ""C:\PDM-SW\\SW_CACHE\\42e77f6a\\payload\run_payload.bat""
08/02/2026 18:18:42 | Shell PID: 23356
08/02/2026 21:16:34 | Bootstrap start. ActivePath=C:\Users\prog3\Desktop\Parte1.SLDPRT
08/02/2026 21:16:34 | Payload copied from C:\PDM-SW\\WORKSPACES\\42e77f6a_prog\\macros\\payload to C:\PDM-SW\\SW_CACHE\\42e77f6a\\payload
08/02/2026 21:16:34 | SW context file: C:\PDM-SW\\SW_CACHE\\42e77f6a\\payload\sw_context.json
08/02/2026 21:16:34 | Use PY: C:\Users\prog3\AppData\Local\Programs\Python\Python314\pythonw.exe
08/02/2026 21:16:34 | Run BAT: cmd.exe /c ""C:\PDM-SW\\SW_CACHE\\42e77f6a\\payload\run_payload.bat""
08/02/2026 21:16:34 | Shell PID: 15512
08/02/2026 21:17:02 | Bootstrap start. ActivePath=C:\ArchivioCAD\SSS\0200\inrev\SSS_0200-0002_R00__INREV.sldprt
08/02/2026 21:17:02 | Payload copied from C:\PDM-SW\\WORKSPACES\\42e77f6a_prog\\macros\\payload to C:\PDM-SW\\SW_CACHE\\42e77f6a\\payload
08/02/2026 21:17:02 | SW context file: C:\PDM-SW\\SW_CACHE\\42e77f6a\\payload\sw_context.json
08/02/2026 21:17:02 | Use PY: C:\Users\prog3\AppData\Local\Programs\Python\Python314\pythonw.exe
08/02/2026 21:17:02 | Run BAT: cmd.exe /c ""C:\PDM-SW\\SW_CACHE\\42e77f6a\\payload\run_payload.bat""
08/02/2026 21:17:03 | Shell PID: 30564
08/02/2026 21:19:47 | Bootstrap start. ActivePath=C:\ArchivioCAD\QQQ\1000\wip\QQQ_1000-0003.SLDPRT
08/02/2026 21:19:48 | Payload copied from C:\PDM-SW\\WORKSPACES\\42e77f6a_prog\\macros\\payload to C:\PDM-SW\\SW_CACHE\\42e77f6a\\payload
08/02/2026 21:19:48 | SW context file: C:\PDM-SW\\SW_CACHE\\42e77f6a\\payload\sw_context.json
08/02/2026 21:19:48 | Use PY: C:\Users\prog3\AppData\Local\Programs\Python\Python314\pythonw.exe
08/02/2026 21:19:48 | Run BAT: cmd.exe /c ""C:\PDM-SW\\SW_CACHE\\42e77f6a\\payload\run_payload.bat""
08/02/2026 21:19:48 | Shell PID: 25636
08/02/2026 21:21:14 | Bootstrap start. ActivePath=C:\Users\prog3\Desktop\Parte1.SLDPRT
08/02/2026 21:21:14 | Payload copied from C:\PDM-SW\\WORKSPACES\\42e77f6a_prog\\macros\\payload to C:\PDM-SW\\SW_CACHE\\42e77f6a\\payload
08/02/2026 21:21:14 | SW context file: C:\PDM-SW\\SW_CACHE\\42e77f6a\\payload\sw_context.json
08/02/2026 21:21:14 | Use PY: C:\Users\prog3\AppData\Local\Programs\Python\Python314\pythonw.exe
08/02/2026 21:21:14 | Run BAT: cmd.exe /c ""C:\PDM-SW\\SW_CACHE\\42e77f6a\\payload\run_payload.bat""
08/02/2026 21:21:14 | Shell PID: 30068
08/02/2026 21:22:41 | Bootstrap start. ActivePath=C:\Users\prog3\Desktop\Parte1.SLDPRT
08/02/2026 21:22:41 | Payload copied from C:\PDM-SW\\WORKSPACES\\42e77f6a_prog\\macros\\payload to C:\PDM-SW\\SW_CACHE\\42e77f6a\\payload
08/02/2026 21:22:41 | SW context file: C:\PDM-SW\\SW_CACHE\\42e77f6a\\payload\sw_context.json
08/02/2026 21:22:41 | Use PY: C:\Users\prog3\AppData\Local\Programs\Python\Python314\pythonw.exe
08/02/2026 21:22:41 | Run BAT: cmd.exe /c ""C:\PDM-SW\\SW_CACHE\\42e77f6a\\payload\run_payload.bat""
08/02/2026 21:22:41 | Shell PID: 9496
08/02/2026 21:39:09 | Bootstrap start. ActivePath=C:\Users\prog3\Desktop\Parte1.SLDPRT
08/02/2026 21:39:09 | Payload copied from C:\PDM-SW\\WORKSPACES\\42e77f6a_prog\\macros\\payload to C:\PDM-SW\\SW_CACHE\\42e77f6a\\payload
08/02/2026 21:39:09 | SW context file: C:\PDM-SW\\SW_CACHE\\42e77f6a\\payload\sw_context.json
08/02/2026 21:39:09 | Use PY: C:\Users\prog3\AppData\Local\Programs\Python\Python314\pythonw.exe
08/02/2026 21:39:09 | Run BAT: cmd.exe /c ""C:\PDM-SW\\SW_CACHE\\42e77f6a\\payload\run_payload.bat""
08/02/2026 21:39:09 | Shell PID: 4692
08/02/2026 21:41:21 | Bootstrap start. ActivePath=C:\Users\prog3\Desktop\Parte1.SLDPRT
08/02/2026 21:41:21 | Payload copied from C:\PDM-SW\\WORKSPACES\\42e77f6a_prog\\macros\\payload to C:\PDM-SW\\SW_CACHE\\42e77f6a\\payload
08/02/2026 21:41:21 | SW context file: C:\PDM-SW\\SW_CACHE\\42e77f6a\\payload\sw_context.json
08/02/2026 21:41:21 | Use PY: C:\Users\prog3\AppData\Local\Programs\Python\Python314\pythonw.exe
08/02/2026 21:41:21 | Run BAT: cmd.exe /c ""C:\PDM-SW\\SW_CACHE\\42e77f6a\\payload\run_payload.bat""
08/02/2026 21:41:21 | Shell PID: 36832
08/02/2026 21:44:48 | Bootstrap start. ActivePath=C:\Users\prog3\Desktop\Parte1.SLDPRT
08/02/2026 21:44:48 | Payload copied from C:\PDM-SW\\WORKSPACES\\42e77f6a_prog\\macros\\payload to C:\PDM-SW\\SW_CACHE\\42e77f6a\\payload
08/02/2026 21:44:48 | SW context file: C:\PDM-SW\\SW_CACHE\\42e77f6a\\payload\sw_context.json
08/02/2026 21:44:48 | Use PY: C:\Users\prog3\AppData\Local\Programs\Python\Python314\pythonw.exe
08/02/2026 21:44:48 | Run BAT: cmd.exe /c ""C:\PDM-SW\\SW_CACHE\\42e77f6a\\payload\run_payload.bat""
08/02/2026 21:44:48 | Shell PID: 13820
08/02/2026 21:45:52 | Bootstrap start. ActivePath=C:\ArchivioCAD\QQQ\1000\wip\QQQ_1000-0006.SLDPRT
08/02/2026 21:45:52 | Payload copied from C:\PDM-SW\\WORKSPACES\\42e77f6a_prog\\macros\\payload to C:\PDM-SW\\SW_CACHE\\42e77f6a\\payload
08/02/2026 21:45:52 | SW context file: C:\PDM-SW\\SW_CACHE\\42e77f6a\\payload\sw_context.json
08/02/2026 21:45:52 | Use PY: C:\Users\prog3\AppData\Local\Programs\Python\Python314\pythonw.exe
08/02/2026 21:45:52 | Run BAT: cmd.exe /c ""C:\PDM-SW\\SW_CACHE\\42e77f6a\\payload\run_payload.bat""
08/02/2026 21:45:52 | Shell PID: 32528
08/02/2026 21:56:26 | Bootstrap start. ActivePath=C:\Users\prog3\Desktop\Parte1.SLDPRT
08/02/2026 21:56:26 | Payload copied from C:\PDM-SW\\WORKSPACES\\42e77f6a_prog\\macros\\payload to C:\PDM-SW\\SW_CACHE\\42e77f6a\\payload
08/02/2026 21:56:26 | SW context file: C:\PDM-SW\\SW_CACHE\\42e77f6a\\payload\sw_context.json
08/02/2026 21:56:26 | Use PY: C:\Users\prog3\AppData\Local\Programs\Python\Python314\pythonw.exe
08/02/2026 21:56:26 | Run BAT: cmd.exe /c ""C:\PDM-SW\\SW_CACHE\\42e77f6a\\payload\run_payload.bat""
08/02/2026 21:56:26 | Shell PID: 32532
08/02/2026 23:35:59 | Bootstrap start. ActivePath=C:\ArchivioCAD\QQQ\1000\wip\QQQ_1000-9997.SLDASM
08/02/2026 23:35:59 | Payload copied from C:\PDM-SW\\WORKSPACES\\42e77f6a_prog\\macros\\payload to C:\PDM-SW\\SW_CACHE\\42e77f6a\\payload
08/02/2026 23:35:59 | SW context file: C:\PDM-SW\\SW_CACHE\\42e77f6a\\payload\sw_context.json
08/02/2026 23:35:59 | Use PY: C:\Users\prog3\AppData\Local\Programs\Python\Python314\pythonw.exe
08/02/2026 23:35:59 | Run BAT: cmd.exe /c ""C:\PDM-SW\\SW_CACHE\\42e77f6a\\payload\run_payload.bat""
08/02/2026 23:35:59 | Shell PID: 6600
08/02/2026 23:39:57 | Bootstrap start. ActivePath=C:\ArchivioCAD\QQQ\1000\rel\QQQ_1000-0010.sldprt
08/02/2026 23:39:57 | Payload copied from C:\PDM-SW\\WORKSPACES\\42e77f6a_prog\\macros\\payload to C:\PDM-SW\\SW_CACHE\\42e77f6a\\payload
08/02/2026 23:39:57 | SW context file: C:\PDM-SW\\SW_CACHE\\42e77f6a\\payload\sw_context.json
08/02/2026 23:39:57 | Use PY: C:\Users\prog3\AppData\Local\Programs\Python\Python314\pythonw.exe
08/02/2026 23:39:57 | Run BAT: cmd.exe /c ""C:\PDM-SW\\SW_CACHE\\42e77f6a\\payload\run_payload.bat""
08/02/2026 23:39:57 | Shell PID: 20640
09/02/2026 00:20:43 | Bootstrap start. ActivePath=C:\ArchivioCAD\QQQ\1000\inrev\QQQ_1000-0010_R00__INREV.sldprt
09/02/2026 00:20:44 | Payload copied from C:\PDM-SW\\WORKSPACES\\42e77f6a_prog\\macros\\payload to C:\PDM-SW\\SW_CACHE\\42e77f6a\\payload
09/02/2026 00:20:44 | SW context file: C:\PDM-SW\\SW_CACHE\\42e77f6a\\payload\sw_context.json
09/02/2026 00:20:45 | Use PY: C:\Users\prog3\AppData\Local\Programs\Python\Python314\pythonw.exe
09/02/2026 00:20:45 | Run BAT: cmd.exe /c ""C:\PDM-SW\\SW_CACHE\\42e77f6a\\payload\run_payload.bat""
09/02/2026 00:20:46 | Shell PID: 31652
11/02/2026 17:49:22 | Bootstrap start. ActivePath=C:\ArchivioCAD\QQQ\1000\rel\QQQ_1000-0013.sldprt
11/02/2026 17:49:23 | Payload copied from C:\PDM-SW\\WORKSPACES\\42e77f6a_prog\\macros\\payload to C:\PDM-SW\\SW_CACHE\\42e77f6a\\payload
11/02/2026 17:49:23 | SW context file: C:\PDM-SW\\SW_CACHE\\42e77f6a\\payload\sw_context.json
11/02/2026 17:49:23 | Use PY: C:\Users\prog3\AppData\Local\Programs\Python\Python314\pythonw.exe
11/02/2026 17:49:24 | Run BAT: cmd.exe /c ""C:\PDM-SW\\SW_CACHE\\42e77f6a\\payload\run_payload.bat""
11/02/2026 17:49:24 | Shell PID: 26172
11/02/2026 17:51:49 | Bootstrap start. ActivePath=C:\ArchivioCAD\SSS\0100\wip\SSS_0100-0001.SLDPRT
11/02/2026 17:51:49 | Payload copied from C:\PDM-SW\\WORKSPACES\\42e77f6a_prog\\macros\\payload to C:\PDM-SW\\SW_CACHE\\42e77f6a\\payload
11/02/2026 17:51:50 | SW context file: C:\PDM-SW\\SW_CACHE\\42e77f6a\\payload\sw_context.json
11/02/2026 17:51:50 | Use PY: C:\Users\prog3\AppData\Local\Programs\Python\Python314\pythonw.exe
11/02/2026 17:51:50 | Run BAT: cmd.exe /c ""C:\PDM-SW\\SW_CACHE\\42e77f6a\\payload\run_payload.bat""
11/02/2026 17:51:51 | Shell PID: 2200
11/02/2026 19:22:39 | Bootstrap start. ActivePath=C:\ArchivioCAD\SSS\0100\wip\SSS_0100-0001.SLDPRT
11/02/2026 19:22:40 | Payload copied from C:\PDM-SW\\WORKSPACES\\42e77f6a_prog\\macros\\payload to C:\PDM-SW\\SW_CACHE\\42e77f6a\\payload
11/02/2026 19:22:40 | SW context file: C:\PDM-SW\\SW_CACHE\\42e77f6a\\payload\sw_context.json
11/02/2026 19:22:41 | Use PY: C:\Users\prog3\AppData\Local\Programs\Python\Python314\pythonw.exe
11/02/2026 19:22:41 | Run BAT: cmd.exe /c ""C:\PDM-SW\\SW_CACHE\\42e77f6a\\payload\run_payload.bat""
11/02/2026 19:22:41 | Shell PID: 21052
11/02/2026 19:28:03 | Bootstrap start. ActivePath=C:\ArchivioCAD\QQQ\1000\wip\QQQ_1000-0015.SLDPRT
11/02/2026 19:28:03 | Payload copied from C:\PDM-SW\\WORKSPACES\\42e77f6a_prog\\macros\\payload to C:\PDM-SW\\SW_CACHE\\42e77f6a\\payload
11/02/2026 19:28:04 | SW context file: C:\PDM-SW\\SW_CACHE\\42e77f6a\\payload\sw_context.json
11/02/2026 19:28:04 | Use PY: C:\Users\prog3\AppData\Local\Programs\Python\Python314\pythonw.exe
11/02/2026 19:28:04 | Run BAT: cmd.exe /c ""C:\PDM-SW\\SW_CACHE\\42e77f6a\\payload\run_payload.bat""
11/02/2026 19:28:05 | Shell PID: 18008
11/02/2026 19:30:53 | Bootstrap start. ActivePath=C:\ArchivioCAD\QQQ\1000\wip\QQQ_1000-0014.SLDPRT
11/02/2026 19:30:53 | Payload copied from C:\PDM-SW\\WORKSPACES\\42e77f6a_prog\\macros\\payload to C:\PDM-SW\\SW_CACHE\\42e77f6a\\payload
11/02/2026 19:30:54 | SW context file: C:\PDM-SW\\SW_CACHE\\42e77f6a\\payload\sw_context.json
11/02/2026 19:30:54 | Use PY: C:\Users\prog3\AppData\Local\Programs\Python\Python314\pythonw.exe
11/02/2026 19:30:54 | Run BAT: cmd.exe /c ""C:\PDM-SW\\SW_CACHE\\42e77f6a\\payload\run_payload.bat""
11/02/2026 19:30:55 | Shell PID: 35948
